[INFO ] 2024-11-16 15:47:29.296 [main] DebugServer - Starting debug server.
[INFO ] 2024-11-16 15:47:29.298 [main] DebugServer - Starting debug server on port 61603 with 4 threads.
[INFO ] 2024-11-16 15:47:29.706 [main] DebugServer - Debug server was started and listening on port 61603.
[INFO ] 2024-11-16 15:47:29.707 [main] DebugServer - Debug server started.
[INFO ] 2024-11-16 15:47:31.211 [main] c.e.g.a.s.r.CryptoManager - Current security provider list: SUN, SunRsaSign, SunEC, SunJSSE, SunJCE, SunJGSS, SunSASL, XMLDSig, SunPCSC, JdkLDAP, JdkSASL, SunMSCAPI, SunPKCS11
[INFO ] 2024-11-16 15:47:31.218 [main] c.e.g.a.s.r.CryptoManager - New security provider list: SUN, SunRsaSign, SunEC, SunJSSE, SunJCE, SunJGSS, SunSASL, XMLDSig, SunPCSC, JdkLDAP, JdkSASL, SunMSCAPI, SunPKCS11
[INFO ] 2024-11-16 15:47:31.512 [main] c.e.g.a.s.r.SystemCertificatesReader - Loaded certificates with aliases: [GlobalSign Code Signing Root R45, Go Daddy Root Certificate Authority  G, Sectigo (formerly Comodo CA), Trustwave Global Certification Authority, DigiCert (2), DigiCert Baltimore Root, ISRG Root X1, Sectigo (AddTrust), Microsoft Authenticode(tm) Root, GlobalSign Root CA - R6, GlobalSign Root CA - R3, GlobalSign Root CA - R1, VeriSign Class 3 Public Primary CA, VeriSign Time Stamping CA, GlobalSign ECC Root CA - R5, QuoVadis Root Certification Authority, Entrust (2048), Microsoft RSA Root Certificate Authority 2017, Entrust.net, Symantec Enterprise Mobile Root for Microsoft, Microsoft Root Certificate Authority, Microsoft ECC Product Root Certificate Authority 2018, Microsoft Time Stamp Root Certificate Authority 2014, Hellenic Academic and Research Institutions RootCA 2015, Go Daddy Class 2 Certification Authority, DigiCert Trusted Root G4, Sectigo Public Code Signing Root R46, thawte, DigiCert CS RSA4096 Root G5, Sectigo (AAA), DST Root CA X3, Sectigo (UTN Object), VeriSign, Microsoft ECC TS Root Certificate Authority 2018, Starfield Class 2 Certification Authority, HARICA TLS RSA Root CA 2021, Thawte Timestamping CA, Actalis Authentication Root CA, SSL.com Root Certification Authority RSA, DigiCert, Microsoft Root Certificate Authority 2011, Sectigo, Hotspot 2.0 Trust Root CA - 03, Microsoft Timestamp Root, DigiCert Global Root G2, Microsoft Root Authority, DigiCert (1), DigiCert Global Root G3, SSL.com EV Root Certification Authority RSA R2, VeriSign Universal Root Certification Authority, Microsoft Root Certificate Authority 2010, Starfield Root Certificate Authority  G]
[INFO ] 2024-11-16 15:47:31.944 [Debugger-worker-4-2] DebugServer - Authentication of debug client succeed. applicationId=e8707931-7670-44db-b90a-db78397ea1f8
[INFO ] 2024-11-16 15:47:31.944 [Debugger-worker-4-2] DebugServer - Got applicationId=e8707931-7670-44db-b90a-db78397ea1f8 for debug from PaaS
[INFO ] 2024-11-16 15:47:31.944 [Debugger-worker-4-2] DebugServer - Registering a new session with id=61e0d612-b02e-4d89-b986-6ecf178e5c26 and appId=e8707931-7670-44db-b90a-db78397ea1f8
[INFO ] 2024-11-16 15:47:31.944 [Debugger-worker-4-2] DebugServer - Session with id=61e0d612-b02e-4d89-b986-6ecf178e5c26 for appId=e8707931-7670-44db-b90a-db78397ea1f8 created.
[INFO ] 2024-11-16 15:47:32.394 [main] DebugServer - Stopping debug server.
[INFO ] 2024-11-16 15:47:32.394 [main] DebugServer - Shutting down connections.
[INFO ] 2024-11-16 15:47:32.610 [Debugger-worker-4-2] DebugServer - Session shutdown successfully: sessionId=61e0d612-b02e-4d89-b986-6ecf178e5c26
[INFO ] 2024-11-16 15:47:32.610 [Debugger-worker-4-2] DebugServer - Channel to Debug Client (IDE) is unregistered: sessionId=61e0d612-b02e-4d89-b986-6ecf178e5c26
[INFO ] 2024-11-16 15:47:32.715 [main] DebugServer - Connections shutdown ok.
[INFO ] 2024-11-16 15:47:32.715 [main] DebugServer - Debug server was stopped.
[INFO ] 2024-11-16 15:47:32.715 [main] c.e.g.e.c.i.p.ConsoleExecutionStep - [ExecuteScript]: done!
[INFO ] 2024-11-16 15:47:38.684 [main] DebugServer - Starting debug server.
[INFO ] 2024-11-16 15:47:38.684 [main] DebugServer - Starting debug server on port 61685 with 4 threads.
[INFO ] 2024-11-16 15:47:39.103 [main] DebugServer - Debug server was started and listening on port 61685.
[INFO ] 2024-11-16 15:47:39.104 [main] DebugServer - Debug server started.
[INFO ] 2024-11-16 15:47:40.636 [main] c.e.g.a.s.r.CryptoManager - Current security provider list: SUN, SunRsaSign, SunEC, SunJSSE, SunJCE, SunJGSS, SunSASL, XMLDSig, SunPCSC, JdkLDAP, JdkSASL, SunMSCAPI, SunPKCS11
[INFO ] 2024-11-16 15:47:40.645 [main] c.e.g.a.s.r.CryptoManager - New security provider list: SUN, SunRsaSign, SunEC, SunJSSE, SunJCE, SunJGSS, SunSASL, XMLDSig, SunPCSC, JdkLDAP, JdkSASL, SunMSCAPI, SunPKCS11
[INFO ] 2024-11-16 15:47:40.957 [main] c.e.g.a.s.r.SystemCertificatesReader - Loaded certificates with aliases: [GlobalSign Code Signing Root R45, Go Daddy Root Certificate Authority  G, Sectigo (formerly Comodo CA), Trustwave Global Certification Authority, DigiCert (2), DigiCert Baltimore Root, ISRG Root X1, Sectigo (AddTrust), Microsoft Authenticode(tm) Root, GlobalSign Root CA - R6, GlobalSign Root CA - R3, GlobalSign Root CA - R1, VeriSign Class 3 Public Primary CA, VeriSign Time Stamping CA, GlobalSign ECC Root CA - R5, QuoVadis Root Certification Authority, Entrust (2048), Microsoft RSA Root Certificate Authority 2017, Entrust.net, Symantec Enterprise Mobile Root for Microsoft, Microsoft Root Certificate Authority, Microsoft ECC Product Root Certificate Authority 2018, Microsoft Time Stamp Root Certificate Authority 2014, Hellenic Academic and Research Institutions RootCA 2015, Go Daddy Class 2 Certification Authority, DigiCert Trusted Root G4, Sectigo Public Code Signing Root R46, thawte, DigiCert CS RSA4096 Root G5, Sectigo (AAA), DST Root CA X3, Sectigo (UTN Object), VeriSign, Microsoft ECC TS Root Certificate Authority 2018, Starfield Class 2 Certification Authority, HARICA TLS RSA Root CA 2021, Thawte Timestamping CA, Actalis Authentication Root CA, SSL.com Root Certification Authority RSA, DigiCert, Microsoft Root Certificate Authority 2011, Sectigo, Hotspot 2.0 Trust Root CA - 03, Microsoft Timestamp Root, DigiCert Global Root G2, Microsoft Root Authority, DigiCert (1), DigiCert Global Root G3, SSL.com EV Root Certification Authority RSA R2, VeriSign Universal Root Certification Authority, Microsoft Root Certificate Authority 2010, Starfield Root Certificate Authority  G]
[INFO ] 2024-11-16 15:47:41.515 [Debugger-worker-4-2] DebugServer - Authentication of debug client succeed. applicationId=f5ae4f36-be6d-43be-bc3d-fe01d03c60f4
[INFO ] 2024-11-16 15:47:41.516 [Debugger-worker-4-2] DebugServer - Got applicationId=f5ae4f36-be6d-43be-bc3d-fe01d03c60f4 for debug from PaaS
[INFO ] 2024-11-16 15:47:41.516 [Debugger-worker-4-2] DebugServer - Registering a new session with id=daf6e771-e1ba-413d-ad94-27f9495de0ce and appId=f5ae4f36-be6d-43be-bc3d-fe01d03c60f4
[INFO ] 2024-11-16 15:47:41.518 [Debugger-worker-4-2] DebugServer - Session with id=daf6e771-e1ba-413d-ad94-27f9495de0ce for appId=f5ae4f36-be6d-43be-bc3d-fe01d03c60f4 created.
[INFO ] 2024-11-16 15:47:41.952 [main] DebugServer - Stopping debug server.
[INFO ] 2024-11-16 15:47:41.952 [main] DebugServer - Shutting down connections.
[INFO ] 2024-11-16 15:47:42.169 [Debugger-worker-4-2] DebugServer - Session shutdown successfully: sessionId=daf6e771-e1ba-413d-ad94-27f9495de0ce
[INFO ] 2024-11-16 15:47:42.169 [Debugger-worker-4-2] DebugServer - Channel to Debug Client (IDE) is unregistered: sessionId=daf6e771-e1ba-413d-ad94-27f9495de0ce
[INFO ] 2024-11-16 15:47:42.285 [main] DebugServer - Connections shutdown ok.
[INFO ] 2024-11-16 15:47:42.286 [main] DebugServer - Debug server was stopped.
[INFO ] 2024-11-16 15:47:42.286 [main] c.e.g.e.c.i.p.ConsoleExecutionStep - [ExecuteScript]: done!
