[INFO ] 2024-11-13 15:00:23.668 [main] DebugServer - Starting debug server.
[INFO ] 2024-11-13 15:00:23.668 [main] DebugServer - Starting debug server on port 63388 with 4 threads.
[INFO ] 2024-11-13 15:00:24.012 [main] DebugServer - Debug server was started and listening on port 63388.
[INFO ] 2024-11-13 15:00:24.012 [main] DebugServer - Debug server started.
[INFO ] 2024-11-13 15:00:25.317 [main] c.e.g.a.s.r.CryptoManager - Current security provider list: SUN, SunRsaSign, SunEC, SunJSSE, SunJCE, SunJGSS, SunSASL, XMLDSig, SunPCSC, JdkLDAP, JdkSASL, SunMSCAPI, SunPKCS11
[INFO ] 2024-11-13 15:00:25.332 [main] c.e.g.a.s.r.CryptoManager - New security provider list: SUN, SunRsaSign, SunEC, SunJSSE, SunJCE, SunJGSS, SunSASL, XMLDSig, SunPCSC, JdkLDAP, JdkSASL, SunMSCAPI, SunPKCS11
[INFO ] 2024-11-13 15:00:25.598 [main] c.e.g.a.s.r.SystemCertificatesReader - Loaded certificates with aliases: [GlobalSign Code Signing Root R45, Go Daddy Root Certificate Authority  G, Sectigo (formerly Comodo CA), Trustwave Global Certification Authority, DigiCert (2), DigiCert Baltimore Root, ISRG Root X1, Sectigo (AddTrust), Microsoft Authenticode(tm) Root, GlobalSign Root CA - R6, GlobalSign Root CA - R3, GlobalSign Root CA - R1, VeriSign Class 3 Public Primary CA, VeriSign Time Stamping CA, GlobalSign ECC Root CA - R5, QuoVadis Root Certification Authority, Entrust (2048), Microsoft RSA Root Certificate Authority 2017, Entrust.net, Symantec Enterprise Mobile Root for Microsoft, Microsoft Root Certificate Authority, Microsoft ECC Product Root Certificate Authority 2018, Microsoft Time Stamp Root Certificate Authority 2014, Hellenic Academic and Research Institutions RootCA 2015, Go Daddy Class 2 Certification Authority, DigiCert Trusted Root G4, Sectigo Public Code Signing Root R46, thawte, DigiCert CS RSA4096 Root G5, Sectigo (AAA), DST Root CA X3, Sectigo (UTN Object), VeriSign, Microsoft ECC TS Root Certificate Authority 2018, Starfield Class 2 Certification Authority, HARICA TLS RSA Root CA 2021, Thawte Timestamping CA, Actalis Authentication Root CA, SSL.com Root Certification Authority RSA, DigiCert, Microsoft Root Certificate Authority 2011, Sectigo, Hotspot 2.0 Trust Root CA - 03, Microsoft Timestamp Root, DigiCert Global Root G2, Microsoft Root Authority, DigiCert (1), DigiCert Global Root G3, SSL.com EV Root Certification Authority RSA R2, VeriSign Universal Root Certification Authority, Microsoft Root Certificate Authority 2010, Starfield Root Certificate Authority  G]
[INFO ] 2024-11-13 15:00:26.124 [Debugger-worker-4-2] DebugServer - Authentication of debug client succeed. applicationId=94f6bd65-295c-4b19-9822-7141adea68ed
[INFO ] 2024-11-13 15:00:26.126 [Debugger-worker-4-2] DebugServer - Got applicationId=94f6bd65-295c-4b19-9822-7141adea68ed for debug from PaaS
[INFO ] 2024-11-13 15:00:26.126 [Debugger-worker-4-2] DebugServer - Registering a new session with id=361ddf91-8622-4b26-b0ec-320b4d1c7c4a and appId=94f6bd65-295c-4b19-9822-7141adea68ed
[INFO ] 2024-11-13 15:00:26.129 [Debugger-worker-4-2] DebugServer - Session with id=361ddf91-8622-4b26-b0ec-320b4d1c7c4a for appId=94f6bd65-295c-4b19-9822-7141adea68ed created.
[INFO ] 2024-11-13 15:00:26.547 [main] DebugServer - Stopping debug server.
[INFO ] 2024-11-13 15:00:26.547 [main] DebugServer - Shutting down connections.
[INFO ] 2024-11-13 15:00:26.762 [Debugger-worker-4-2] DebugServer - Session shutdown successfully: sessionId=361ddf91-8622-4b26-b0ec-320b4d1c7c4a
[INFO ] 2024-11-13 15:00:26.763 [Debugger-worker-4-2] DebugServer - Channel to Debug Client (IDE) is unregistered: sessionId=361ddf91-8622-4b26-b0ec-320b4d1c7c4a
[INFO ] 2024-11-13 15:00:26.881 [main] DebugServer - Connections shutdown ok.
[INFO ] 2024-11-13 15:00:26.881 [main] DebugServer - Debug server was stopped.
[INFO ] 2024-11-13 15:00:26.882 [main] c.e.g.e.c.i.p.ConsoleExecutionStep - [ExecuteScript]: done!
[INFO ] 2024-11-13 15:00:31.297 [main] DebugServer - Starting debug server.
[INFO ] 2024-11-13 15:00:31.298 [main] DebugServer - Starting debug server on port 63471 with 4 threads.
[INFO ] 2024-11-13 15:00:31.566 [main] DebugServer - Debug server was started and listening on port 63471.
[INFO ] 2024-11-13 15:00:31.566 [main] DebugServer - Debug server started.
[INFO ] 2024-11-13 15:00:32.866 [main] c.e.g.a.s.r.CryptoManager - Current security provider list: SUN, SunRsaSign, SunEC, SunJSSE, SunJCE, SunJGSS, SunSASL, XMLDSig, SunPCSC, JdkLDAP, JdkSASL, SunMSCAPI, SunPKCS11
[INFO ] 2024-11-13 15:00:32.866 [main] c.e.g.a.s.r.CryptoManager - New security provider list: SUN, SunRsaSign, SunEC, SunJSSE, SunJCE, SunJGSS, SunSASL, XMLDSig, SunPCSC, JdkLDAP, JdkSASL, SunMSCAPI, SunPKCS11
[INFO ] 2024-11-13 15:00:33.098 [main] c.e.g.a.s.r.SystemCertificatesReader - Loaded certificates with aliases: [GlobalSign Code Signing Root R45, Go Daddy Root Certificate Authority  G, Sectigo (formerly Comodo CA), Trustwave Global Certification Authority, DigiCert (2), DigiCert Baltimore Root, ISRG Root X1, Sectigo (AddTrust), Microsoft Authenticode(tm) Root, GlobalSign Root CA - R6, GlobalSign Root CA - R3, GlobalSign Root CA - R1, VeriSign Class 3 Public Primary CA, VeriSign Time Stamping CA, GlobalSign ECC Root CA - R5, QuoVadis Root Certification Authority, Entrust (2048), Microsoft RSA Root Certificate Authority 2017, Entrust.net, Symantec Enterprise Mobile Root for Microsoft, Microsoft Root Certificate Authority, Microsoft ECC Product Root Certificate Authority 2018, Microsoft Time Stamp Root Certificate Authority 2014, Hellenic Academic and Research Institutions RootCA 2015, Go Daddy Class 2 Certification Authority, DigiCert Trusted Root G4, Sectigo Public Code Signing Root R46, thawte, DigiCert CS RSA4096 Root G5, Sectigo (AAA), DST Root CA X3, Sectigo (UTN Object), VeriSign, Microsoft ECC TS Root Certificate Authority 2018, Starfield Class 2 Certification Authority, HARICA TLS RSA Root CA 2021, Thawte Timestamping CA, Actalis Authentication Root CA, SSL.com Root Certification Authority RSA, DigiCert, Microsoft Root Certificate Authority 2011, Sectigo, Hotspot 2.0 Trust Root CA - 03, Microsoft Timestamp Root, DigiCert Global Root G2, Microsoft Root Authority, DigiCert (1), DigiCert Global Root G3, SSL.com EV Root Certification Authority RSA R2, VeriSign Universal Root Certification Authority, Microsoft Root Certificate Authority 2010, Starfield Root Certificate Authority  G]
[INFO ] 2024-11-13 15:00:33.396 [Debugger-worker-4-2] DebugServer - Authentication of debug client succeed. applicationId=ef84ec46-f57b-45e1-91ba-498fc0b1210a
[INFO ] 2024-11-13 15:00:33.396 [Debugger-worker-4-2] DebugServer - Got applicationId=ef84ec46-f57b-45e1-91ba-498fc0b1210a for debug from PaaS
[INFO ] 2024-11-13 15:00:33.396 [Debugger-worker-4-2] DebugServer - Registering a new session with id=5aa41863-bc0d-4110-a785-b5a0964032c7 and appId=ef84ec46-f57b-45e1-91ba-498fc0b1210a
[INFO ] 2024-11-13 15:00:33.396 [Debugger-worker-4-2] DebugServer - Session with id=5aa41863-bc0d-4110-a785-b5a0964032c7 for appId=ef84ec46-f57b-45e1-91ba-498fc0b1210a created.
[INFO ] 2024-11-13 15:00:33.812 [main] DebugServer - Stopping debug server.
[INFO ] 2024-11-13 15:00:33.812 [main] DebugServer - Shutting down connections.
[INFO ] 2024-11-13 15:00:34.032 [Debugger-worker-4-2] DebugServer - Session shutdown successfully: sessionId=5aa41863-bc0d-4110-a785-b5a0964032c7
[INFO ] 2024-11-13 15:00:34.033 [Debugger-worker-4-2] DebugServer - Channel to Debug Client (IDE) is unregistered: sessionId=5aa41863-bc0d-4110-a785-b5a0964032c7
[INFO ] 2024-11-13 15:00:34.146 [main] DebugServer - Connections shutdown ok.
[INFO ] 2024-11-13 15:00:34.146 [main] DebugServer - Debug server was stopped.
[INFO ] 2024-11-13 15:00:34.146 [main] c.e.g.e.c.i.p.ConsoleExecutionStep - [ExecuteScript]: done!
[INFO ] 2024-11-13 15:00:47.250 [main] DebugServer - Starting debug server.
[INFO ] 2024-11-13 15:00:47.250 [main] DebugServer - Starting debug server on port 63504 with 4 threads.
[INFO ] 2024-11-13 15:00:47.528 [main] DebugServer - Debug server was started and listening on port 63504.
[INFO ] 2024-11-13 15:00:47.528 [main] DebugServer - Debug server started.
[INFO ] 2024-11-13 15:00:48.979 [main] c.e.g.a.s.r.CryptoManager - Current security provider list: SUN, SunRsaSign, SunEC, SunJSSE, SunJCE, SunJGSS, SunSASL, XMLDSig, SunPCSC, JdkLDAP, JdkSASL, SunMSCAPI, SunPKCS11
[INFO ] 2024-11-13 15:00:48.994 [main] c.e.g.a.s.r.CryptoManager - New security provider list: SUN, SunRsaSign, SunEC, SunJSSE, SunJCE, SunJGSS, SunSASL, XMLDSig, SunPCSC, JdkLDAP, JdkSASL, SunMSCAPI, SunPKCS11
[INFO ] 2024-11-13 15:00:49.230 [main] c.e.g.a.s.r.SystemCertificatesReader - Loaded certificates with aliases: [GlobalSign Code Signing Root R45, Go Daddy Root Certificate Authority  G, Sectigo (formerly Comodo CA), Trustwave Global Certification Authority, DigiCert (2), DigiCert Baltimore Root, ISRG Root X1, Sectigo (AddTrust), Microsoft Authenticode(tm) Root, GlobalSign Root CA - R6, GlobalSign Root CA - R3, GlobalSign Root CA - R1, VeriSign Class 3 Public Primary CA, VeriSign Time Stamping CA, GlobalSign ECC Root CA - R5, QuoVadis Root Certification Authority, Entrust (2048), Microsoft RSA Root Certificate Authority 2017, Entrust.net, Symantec Enterprise Mobile Root for Microsoft, Microsoft Root Certificate Authority, Microsoft ECC Product Root Certificate Authority 2018, Microsoft Time Stamp Root Certificate Authority 2014, Hellenic Academic and Research Institutions RootCA 2015, Go Daddy Class 2 Certification Authority, DigiCert Trusted Root G4, Sectigo Public Code Signing Root R46, thawte, DigiCert CS RSA4096 Root G5, Sectigo (AAA), DST Root CA X3, Sectigo (UTN Object), VeriSign, Microsoft ECC TS Root Certificate Authority 2018, Starfield Class 2 Certification Authority, HARICA TLS RSA Root CA 2021, Thawte Timestamping CA, Actalis Authentication Root CA, SSL.com Root Certification Authority RSA, DigiCert, Microsoft Root Certificate Authority 2011, Sectigo, Hotspot 2.0 Trust Root CA - 03, Microsoft Timestamp Root, DigiCert Global Root G2, Microsoft Root Authority, DigiCert (1), DigiCert Global Root G3, SSL.com EV Root Certification Authority RSA R2, VeriSign Universal Root Certification Authority, Microsoft Root Certificate Authority 2010, Starfield Root Certificate Authority  G]
[INFO ] 2024-11-13 15:00:49.461 [Debugger-worker-4-2] DebugServer - Authentication of debug client succeed. applicationId=07f8e330-3e5e-46a2-9958-f38ad84576cb
[INFO ] 2024-11-13 15:00:49.461 [Debugger-worker-4-2] DebugServer - Got applicationId=07f8e330-3e5e-46a2-9958-f38ad84576cb for debug from PaaS
[INFO ] 2024-11-13 15:00:49.461 [Debugger-worker-4-2] DebugServer - Registering a new session with id=f339f39e-4b98-43a2-a370-79a0f98cb233 and appId=07f8e330-3e5e-46a2-9958-f38ad84576cb
[INFO ] 2024-11-13 15:00:49.477 [Debugger-worker-4-2] DebugServer - Session with id=f339f39e-4b98-43a2-a370-79a0f98cb233 for appId=07f8e330-3e5e-46a2-9958-f38ad84576cb created.
[INFO ] 2024-11-13 15:00:49.846 [main] DebugServer - Stopping debug server.
[INFO ] 2024-11-13 15:00:49.846 [main] DebugServer - Shutting down connections.
[INFO ] 2024-11-13 15:00:50.062 [Debugger-worker-4-2] DebugServer - Session shutdown successfully: sessionId=f339f39e-4b98-43a2-a370-79a0f98cb233
[INFO ] 2024-11-13 15:00:50.062 [Debugger-worker-4-2] DebugServer - Channel to Debug Client (IDE) is unregistered: sessionId=f339f39e-4b98-43a2-a370-79a0f98cb233
[INFO ] 2024-11-13 15:00:50.162 [main] DebugServer - Connections shutdown ok.
[INFO ] 2024-11-13 15:00:50.162 [main] DebugServer - Debug server was stopped.
[INFO ] 2024-11-13 15:00:50.162 [main] c.e.g.e.c.i.p.ConsoleExecutionStep - [ExecuteScript]: done!
[INFO ] 2024-11-13 15:00:58.314 [main] DebugServer - Starting debug server.
[INFO ] 2024-11-13 15:00:58.316 [main] DebugServer - Starting debug server on port 63537 with 4 threads.
[INFO ] 2024-11-13 15:00:58.604 [main] DebugServer - Debug server was started and listening on port 63537.
[INFO ] 2024-11-13 15:00:58.604 [main] DebugServer - Debug server started.
[INFO ] 2024-11-13 15:00:59.981 [main] c.e.g.a.s.r.CryptoManager - Current security provider list: SUN, SunRsaSign, SunEC, SunJSSE, SunJCE, SunJGSS, SunSASL, XMLDSig, SunPCSC, JdkLDAP, JdkSASL, SunMSCAPI, SunPKCS11
[INFO ] 2024-11-13 15:00:59.981 [main] c.e.g.a.s.r.CryptoManager - New security provider list: SUN, SunRsaSign, SunEC, SunJSSE, SunJCE, SunJGSS, SunSASL, XMLDSig, SunPCSC, JdkLDAP, JdkSASL, SunMSCAPI, SunPKCS11
[INFO ] 2024-11-13 15:01:00.247 [main] c.e.g.a.s.r.SystemCertificatesReader - Loaded certificates with aliases: [GlobalSign Code Signing Root R45, Go Daddy Root Certificate Authority  G, Sectigo (formerly Comodo CA), Trustwave Global Certification Authority, DigiCert (2), DigiCert Baltimore Root, ISRG Root X1, Sectigo (AddTrust), Microsoft Authenticode(tm) Root, GlobalSign Root CA - R6, GlobalSign Root CA - R3, GlobalSign Root CA - R1, VeriSign Class 3 Public Primary CA, VeriSign Time Stamping CA, GlobalSign ECC Root CA - R5, QuoVadis Root Certification Authority, Entrust (2048), Microsoft RSA Root Certificate Authority 2017, Entrust.net, Symantec Enterprise Mobile Root for Microsoft, Microsoft Root Certificate Authority, Microsoft ECC Product Root Certificate Authority 2018, Microsoft Time Stamp Root Certificate Authority 2014, Hellenic Academic and Research Institutions RootCA 2015, Go Daddy Class 2 Certification Authority, DigiCert Trusted Root G4, Sectigo Public Code Signing Root R46, thawte, DigiCert CS RSA4096 Root G5, Sectigo (AAA), DST Root CA X3, Sectigo (UTN Object), VeriSign, Microsoft ECC TS Root Certificate Authority 2018, Starfield Class 2 Certification Authority, HARICA TLS RSA Root CA 2021, Thawte Timestamping CA, Actalis Authentication Root CA, SSL.com Root Certification Authority RSA, DigiCert, Microsoft Root Certificate Authority 2011, Sectigo, Hotspot 2.0 Trust Root CA - 03, Microsoft Timestamp Root, DigiCert Global Root G2, Microsoft Root Authority, DigiCert (1), DigiCert Global Root G3, SSL.com EV Root Certification Authority RSA R2, VeriSign Universal Root Certification Authority, Microsoft Root Certificate Authority 2010, Starfield Root Certificate Authority  G]
[INFO ] 2024-11-13 15:01:00.415 [Debugger-worker-4-2] DebugServer - Authentication of debug client succeed. applicationId=30f1e789-ad9b-491e-a56b-eaed1a6df540
[INFO ] 2024-11-13 15:01:00.415 [Debugger-worker-4-2] DebugServer - Got applicationId=30f1e789-ad9b-491e-a56b-eaed1a6df540 for debug from PaaS
[INFO ] 2024-11-13 15:01:00.415 [Debugger-worker-4-2] DebugServer - Registering a new session with id=8d20a0d8-9cc4-4b21-97cd-f525313a8994 and appId=30f1e789-ad9b-491e-a56b-eaed1a6df540
[INFO ] 2024-11-13 15:01:00.415 [Debugger-worker-4-2] DebugServer - Session with id=8d20a0d8-9cc4-4b21-97cd-f525313a8994 for appId=30f1e789-ad9b-491e-a56b-eaed1a6df540 created.
[INFO ] 2024-11-13 15:01:00.798 [main] DebugServer - Stopping debug server.
[INFO ] 2024-11-13 15:01:00.798 [main] DebugServer - Shutting down connections.
[INFO ] 2024-11-13 15:01:01.019 [Debugger-worker-4-2] DebugServer - Session shutdown successfully: sessionId=8d20a0d8-9cc4-4b21-97cd-f525313a8994
[INFO ] 2024-11-13 15:01:01.019 [Debugger-worker-4-2] DebugServer - Channel to Debug Client (IDE) is unregistered: sessionId=8d20a0d8-9cc4-4b21-97cd-f525313a8994
[INFO ] 2024-11-13 15:01:01.131 [main] DebugServer - Connections shutdown ok.
[INFO ] 2024-11-13 15:01:01.131 [main] DebugServer - Debug server was stopped.
[INFO ] 2024-11-13 15:01:01.131 [main] c.e.g.e.c.i.p.ConsoleExecutionStep - [ExecuteScript]: done!
[INFO ] 2024-11-13 15:03:05.647 [main] DebugServer - Starting debug server.
[INFO ] 2024-11-13 15:03:05.648 [main] DebugServer - Starting debug server on port 63577 with 4 threads.
[INFO ] 2024-11-13 15:03:06.015 [main] DebugServer - Debug server was started and listening on port 63577.
[INFO ] 2024-11-13 15:03:06.015 [main] DebugServer - Debug server started.
[INFO ] 2024-11-13 15:03:07.368 [main] c.e.g.a.s.r.CryptoManager - Current security provider list: SUN, SunRsaSign, SunEC, SunJSSE, SunJCE, SunJGSS, SunSASL, XMLDSig, SunPCSC, JdkLDAP, JdkSASL, SunMSCAPI, SunPKCS11
[INFO ] 2024-11-13 15:03:07.375 [main] c.e.g.a.s.r.CryptoManager - New security provider list: SUN, SunRsaSign, SunEC, SunJSSE, SunJCE, SunJGSS, SunSASL, XMLDSig, SunPCSC, JdkLDAP, JdkSASL, SunMSCAPI, SunPKCS11
[INFO ] 2024-11-13 15:03:07.580 [main] c.e.g.a.s.r.SystemCertificatesReader - Loaded certificates with aliases: [GlobalSign Code Signing Root R45, Go Daddy Root Certificate Authority  G, Sectigo (formerly Comodo CA), Trustwave Global Certification Authority, DigiCert (2), DigiCert Baltimore Root, ISRG Root X1, Sectigo (AddTrust), Microsoft Authenticode(tm) Root, GlobalSign Root CA - R6, GlobalSign Root CA - R3, GlobalSign Root CA - R1, VeriSign Class 3 Public Primary CA, VeriSign Time Stamping CA, GlobalSign ECC Root CA - R5, QuoVadis Root Certification Authority, Entrust (2048), Microsoft RSA Root Certificate Authority 2017, Entrust.net, Symantec Enterprise Mobile Root for Microsoft, Microsoft Root Certificate Authority, Microsoft ECC Product Root Certificate Authority 2018, Microsoft Time Stamp Root Certificate Authority 2014, Hellenic Academic and Research Institutions RootCA 2015, Go Daddy Class 2 Certification Authority, DigiCert Trusted Root G4, Sectigo Public Code Signing Root R46, thawte, DigiCert CS RSA4096 Root G5, Sectigo (AAA), DST Root CA X3, Sectigo (UTN Object), VeriSign, Microsoft ECC TS Root Certificate Authority 2018, Starfield Class 2 Certification Authority, HARICA TLS RSA Root CA 2021, Thawte Timestamping CA, Actalis Authentication Root CA, SSL.com Root Certification Authority RSA, DigiCert, Microsoft Root Certificate Authority 2011, Sectigo, Hotspot 2.0 Trust Root CA - 03, Microsoft Timestamp Root, DigiCert Global Root G2, Microsoft Root Authority, DigiCert (1), DigiCert Global Root G3, SSL.com EV Root Certification Authority RSA R2, VeriSign Universal Root Certification Authority, Microsoft Root Certificate Authority 2010, Starfield Root Certificate Authority  G]
[INFO ] 2024-11-13 15:03:07.760 [Debugger-worker-4-2] DebugServer - Authentication of debug client succeed. applicationId=00d92d81-1328-49bc-ae77-6de6292c7314
[INFO ] 2024-11-13 15:03:07.760 [Debugger-worker-4-2] DebugServer - Got applicationId=00d92d81-1328-49bc-ae77-6de6292c7314 for debug from PaaS
[INFO ] 2024-11-13 15:03:07.760 [Debugger-worker-4-2] DebugServer - Registering a new session with id=a5d6c985-2e97-49a0-86dd-3c8c4bef52cb and appId=00d92d81-1328-49bc-ae77-6de6292c7314
[INFO ] 2024-11-13 15:03:07.760 [Debugger-worker-4-2] DebugServer - Session with id=a5d6c985-2e97-49a0-86dd-3c8c4bef52cb for appId=00d92d81-1328-49bc-ae77-6de6292c7314 created.
[INFO ] 2024-11-13 15:03:08.160 [main] DebugServer - Stopping debug server.
[INFO ] 2024-11-13 15:03:08.160 [main] DebugServer - Shutting down connections.
[INFO ] 2024-11-13 15:03:08.381 [Debugger-worker-4-2] DebugServer - Session shutdown successfully: sessionId=a5d6c985-2e97-49a0-86dd-3c8c4bef52cb
[INFO ] 2024-11-13 15:03:08.381 [Debugger-worker-4-2] DebugServer - Channel to Debug Client (IDE) is unregistered: sessionId=a5d6c985-2e97-49a0-86dd-3c8c4bef52cb
[INFO ] 2024-11-13 15:03:08.489 [main] DebugServer - Connections shutdown ok.
[INFO ] 2024-11-13 15:03:08.489 [main] DebugServer - Debug server was stopped.
[INFO ] 2024-11-13 15:03:08.489 [main] c.e.g.e.c.i.p.ConsoleExecutionStep - [ExecuteScript]: done!
[INFO ] 2024-11-13 15:06:10.263 [main] DebugServer - Starting debug server.
[INFO ] 2024-11-13 15:06:10.263 [main] DebugServer - Starting debug server on port 63614 with 4 threads.
[INFO ] 2024-11-13 15:06:10.644 [main] DebugServer - Debug server was started and listening on port 63614.
[INFO ] 2024-11-13 15:06:10.644 [main] DebugServer - Debug server started.
[INFO ] 2024-11-13 15:06:11.894 [main] c.e.g.a.s.r.CryptoManager - Current security provider list: SUN, SunRsaSign, SunEC, SunJSSE, SunJCE, SunJGSS, SunSASL, XMLDSig, SunPCSC, JdkLDAP, JdkSASL, SunMSCAPI, SunPKCS11
[INFO ] 2024-11-13 15:06:11.894 [main] c.e.g.a.s.r.CryptoManager - New security provider list: SUN, SunRsaSign, SunEC, SunJSSE, SunJCE, SunJGSS, SunSASL, XMLDSig, SunPCSC, JdkLDAP, JdkSASL, SunMSCAPI, SunPKCS11
[INFO ] 2024-11-13 15:06:12.079 [main] c.e.g.a.s.r.SystemCertificatesReader - Loaded certificates with aliases: [GlobalSign Code Signing Root R45, Go Daddy Root Certificate Authority  G, Sectigo (formerly Comodo CA), Trustwave Global Certification Authority, DigiCert (2), DigiCert Baltimore Root, ISRG Root X1, Sectigo (AddTrust), Microsoft Authenticode(tm) Root, GlobalSign Root CA - R6, GlobalSign Root CA - R3, GlobalSign Root CA - R1, VeriSign Class 3 Public Primary CA, VeriSign Time Stamping CA, GlobalSign ECC Root CA - R5, QuoVadis Root Certification Authority, Entrust (2048), Microsoft RSA Root Certificate Authority 2017, Entrust.net, Symantec Enterprise Mobile Root for Microsoft, Microsoft Root Certificate Authority, Microsoft ECC Product Root Certificate Authority 2018, Microsoft Time Stamp Root Certificate Authority 2014, Hellenic Academic and Research Institutions RootCA 2015, Go Daddy Class 2 Certification Authority, DigiCert Trusted Root G4, Sectigo Public Code Signing Root R46, thawte, DigiCert CS RSA4096 Root G5, Sectigo (AAA), DST Root CA X3, Sectigo (UTN Object), VeriSign, Microsoft ECC TS Root Certificate Authority 2018, Starfield Class 2 Certification Authority, HARICA TLS RSA Root CA 2021, Thawte Timestamping CA, Actalis Authentication Root CA, SSL.com Root Certification Authority RSA, DigiCert, Microsoft Root Certificate Authority 2011, Sectigo, Hotspot 2.0 Trust Root CA - 03, Microsoft Timestamp Root, DigiCert Global Root G2, Microsoft Root Authority, DigiCert (1), DigiCert Global Root G3, SSL.com EV Root Certification Authority RSA R2, VeriSign Universal Root Certification Authority, Microsoft Root Certificate Authority 2010, Starfield Root Certificate Authority  G]
[INFO ] 2024-11-13 15:06:12.511 [Debugger-worker-4-2] DebugServer - Authentication of debug client succeed. applicationId=898089e8-06ca-4768-b98f-2d3ff6fe1703
[INFO ] 2024-11-13 15:06:12.511 [Debugger-worker-4-2] DebugServer - Got applicationId=898089e8-06ca-4768-b98f-2d3ff6fe1703 for debug from PaaS
[INFO ] 2024-11-13 15:06:12.511 [Debugger-worker-4-2] DebugServer - Registering a new session with id=fb1196dd-469b-43a7-9880-860f1c3fdda7 and appId=898089e8-06ca-4768-b98f-2d3ff6fe1703
[INFO ] 2024-11-13 15:06:12.511 [Debugger-worker-4-2] DebugServer - Session with id=fb1196dd-469b-43a7-9880-860f1c3fdda7 for appId=898089e8-06ca-4768-b98f-2d3ff6fe1703 created.
[INFO ] 2024-11-13 15:06:12.895 [main] DebugServer - Stopping debug server.
[INFO ] 2024-11-13 15:06:12.895 [main] DebugServer - Shutting down connections.
[INFO ] 2024-11-13 15:06:13.112 [Debugger-worker-4-2] DebugServer - Session shutdown successfully: sessionId=fb1196dd-469b-43a7-9880-860f1c3fdda7
[INFO ] 2024-11-13 15:06:13.112 [Debugger-worker-4-2] DebugServer - Channel to Debug Client (IDE) is unregistered: sessionId=fb1196dd-469b-43a7-9880-860f1c3fdda7
[INFO ] 2024-11-13 15:06:13.228 [main] DebugServer - Connections shutdown ok.
[INFO ] 2024-11-13 15:06:13.228 [main] DebugServer - Debug server was stopped.
[INFO ] 2024-11-13 15:06:13.228 [main] c.e.g.e.c.i.p.ConsoleExecutionStep - [ExecuteScript]: done!
[INFO ] 2024-11-13 15:07:14.819 [main] DebugServer - Starting debug server.
[INFO ] 2024-11-13 15:07:14.819 [main] DebugServer - Starting debug server on port 63652 with 4 threads.
[INFO ] 2024-11-13 15:07:15.177 [main] DebugServer - Debug server was started and listening on port 63652.
[INFO ] 2024-11-13 15:07:15.177 [main] DebugServer - Debug server started.
[INFO ] 2024-11-13 15:07:16.518 [main] c.e.g.a.s.r.CryptoManager - Current security provider list: SUN, SunRsaSign, SunEC, SunJSSE, SunJCE, SunJGSS, SunSASL, XMLDSig, SunPCSC, JdkLDAP, JdkSASL, SunMSCAPI, SunPKCS11
[INFO ] 2024-11-13 15:07:16.534 [main] c.e.g.a.s.r.CryptoManager - New security provider list: SUN, SunRsaSign, SunEC, SunJSSE, SunJCE, SunJGSS, SunSASL, XMLDSig, SunPCSC, JdkLDAP, JdkSASL, SunMSCAPI, SunPKCS11
[INFO ] 2024-11-13 15:07:16.705 [main] c.e.g.a.s.r.SystemCertificatesReader - Loaded certificates with aliases: [GlobalSign Code Signing Root R45, Go Daddy Root Certificate Authority  G, Sectigo (formerly Comodo CA), Trustwave Global Certification Authority, DigiCert (2), DigiCert Baltimore Root, ISRG Root X1, Sectigo (AddTrust), Microsoft Authenticode(tm) Root, GlobalSign Root CA - R6, GlobalSign Root CA - R3, GlobalSign Root CA - R1, VeriSign Class 3 Public Primary CA, VeriSign Time Stamping CA, GlobalSign ECC Root CA - R5, QuoVadis Root Certification Authority, Entrust (2048), Microsoft RSA Root Certificate Authority 2017, Entrust.net, Symantec Enterprise Mobile Root for Microsoft, Microsoft Root Certificate Authority, Microsoft ECC Product Root Certificate Authority 2018, Microsoft Time Stamp Root Certificate Authority 2014, Hellenic Academic and Research Institutions RootCA 2015, Go Daddy Class 2 Certification Authority, DigiCert Trusted Root G4, Sectigo Public Code Signing Root R46, thawte, DigiCert CS RSA4096 Root G5, Sectigo (AAA), DST Root CA X3, Sectigo (UTN Object), VeriSign, Microsoft ECC TS Root Certificate Authority 2018, Starfield Class 2 Certification Authority, HARICA TLS RSA Root CA 2021, Thawte Timestamping CA, Actalis Authentication Root CA, SSL.com Root Certification Authority RSA, DigiCert, Microsoft Root Certificate Authority 2011, Sectigo, Hotspot 2.0 Trust Root CA - 03, Microsoft Timestamp Root, DigiCert Global Root G2, Microsoft Root Authority, DigiCert (1), DigiCert Global Root G3, SSL.com EV Root Certification Authority RSA R2, VeriSign Universal Root Certification Authority, Microsoft Root Certificate Authority 2010, Starfield Root Certificate Authority  G]
[INFO ] 2024-11-13 15:07:16.853 [Debugger-worker-4-2] DebugServer - Authentication of debug client succeed. applicationId=36f21475-4bed-4be0-9082-da21fbee53bc
[INFO ] 2024-11-13 15:07:16.853 [Debugger-worker-4-2] DebugServer - Got applicationId=36f21475-4bed-4be0-9082-da21fbee53bc for debug from PaaS
[INFO ] 2024-11-13 15:07:16.853 [Debugger-worker-4-2] DebugServer - Registering a new session with id=3e2f94cf-7afa-439c-bbc0-1f2f195b27c8 and appId=36f21475-4bed-4be0-9082-da21fbee53bc
[INFO ] 2024-11-13 15:07:16.853 [Debugger-worker-4-2] DebugServer - Session with id=3e2f94cf-7afa-439c-bbc0-1f2f195b27c8 for appId=36f21475-4bed-4be0-9082-da21fbee53bc created.
[INFO ] 2024-11-13 15:07:17.280 [main] DebugServer - Stopping debug server.
[INFO ] 2024-11-13 15:07:17.280 [main] DebugServer - Shutting down connections.
[INFO ] 2024-11-13 15:07:17.497 [Debugger-worker-4-2] DebugServer - Session shutdown successfully: sessionId=3e2f94cf-7afa-439c-bbc0-1f2f195b27c8
[INFO ] 2024-11-13 15:07:17.497 [Debugger-worker-4-2] DebugServer - Channel to Debug Client (IDE) is unregistered: sessionId=3e2f94cf-7afa-439c-bbc0-1f2f195b27c8
[INFO ] 2024-11-13 15:07:17.622 [main] DebugServer - Connections shutdown ok.
[INFO ] 2024-11-13 15:07:17.622 [main] DebugServer - Debug server was stopped.
[INFO ] 2024-11-13 15:07:17.622 [main] c.e.g.e.c.i.p.ConsoleExecutionStep - [ExecuteScript]: done!
