[INFO ] 2024-11-11 15:20:48.527 [main] DebugServer - Starting debug server.
[INFO ] 2024-11-11 15:20:48.543 [main] DebugServer - Starting debug server on port 57139 with 4 threads.
[INFO ] 2024-11-11 15:20:48.877 [main] DebugServer - Debug server was started and listening on port 57139.
[INFO ] 2024-11-11 15:20:48.877 [main] DebugServer - Debug server started.
[INFO ] 2024-11-11 15:20:50.160 [main] c.e.g.a.s.r.CryptoManager - Current security provider list: SUN, SunRsaSign, SunEC, SunJSSE, SunJCE, SunJGSS, SunSASL, XMLDSig, SunPCSC, JdkLDAP, JdkSASL, SunMSCAPI, SunPKCS11
[INFO ] 2024-11-11 15:20:50.177 [main] c.e.g.a.s.r.CryptoManager - New security provider list: SUN, SunRsaSign, SunEC, SunJSSE, SunJCE, SunJGSS, SunSASL, XMLDSig, SunPCSC, JdkLDAP, JdkSASL, SunMSCAPI, SunPKCS11
[INFO ] 2024-11-11 15:20:50.427 [main] c.e.g.a.s.r.SystemCertificatesReader - Loaded certificates with aliases: [GlobalSign Code Signing Root R45, Go Daddy Root Certificate Authority  G, Sectigo (formerly Comodo CA), Trustwave Global Certification Authority, DigiCert (2), DigiCert Baltimore Root, ISRG Root X1, Sectigo (AddTrust), Microsoft Authenticode(tm) Root, GlobalSign Root CA - R6, GlobalSign Root CA - R3, GlobalSign Root CA - R1, VeriSign Class 3 Public Primary CA, VeriSign Time Stamping CA, GlobalSign ECC Root CA - R5, QuoVadis Root Certification Authority, Entrust (2048), Microsoft RSA Root Certificate Authority 2017, Entrust.net, Symantec Enterprise Mobile Root for Microsoft, Microsoft Root Certificate Authority, Microsoft ECC Product Root Certificate Authority 2018, Microsoft Time Stamp Root Certificate Authority 2014, Hellenic Academic and Research Institutions RootCA 2015, Go Daddy Class 2 Certification Authority, DigiCert Trusted Root G4, Sectigo Public Code Signing Root R46, thawte, DigiCert CS RSA4096 Root G5, Sectigo (AAA), DST Root CA X3, Sectigo (UTN Object), VeriSign, Microsoft ECC TS Root Certificate Authority 2018, Starfield Class 2 Certification Authority, HARICA TLS RSA Root CA 2021, Thawte Timestamping CA, Actalis Authentication Root CA, SSL.com Root Certification Authority RSA, DigiCert, Microsoft Root Certificate Authority 2011, Sectigo, Hotspot 2.0 Trust Root CA - 03, Microsoft Timestamp Root, DigiCert Global Root G2, Microsoft Root Authority, DigiCert (1), DigiCert Global Root G3, SSL.com EV Root Certification Authority RSA R2, VeriSign Universal Root Certification Authority, Microsoft Root Certificate Authority 2010, Starfield Root Certificate Authority  G]
[INFO ] 2024-11-11 15:20:50.986 [Debugger-worker-4-2] DebugServer - Authentication of debug client succeed. applicationId=63667f1b-fafb-426a-b8ab-f93eea0d081f
[INFO ] 2024-11-11 15:20:50.986 [Debugger-worker-4-2] DebugServer - Got applicationId=63667f1b-fafb-426a-b8ab-f93eea0d081f for debug from PaaS
[INFO ] 2024-11-11 15:20:50.986 [Debugger-worker-4-2] DebugServer - Registering a new session with id=f45b1237-16eb-401e-9863-6a13a986c2b9 and appId=63667f1b-fafb-426a-b8ab-f93eea0d081f
[INFO ] 2024-11-11 15:20:50.986 [Debugger-worker-4-2] DebugServer - Session with id=f45b1237-16eb-401e-9863-6a13a986c2b9 for appId=63667f1b-fafb-426a-b8ab-f93eea0d081f created.
[INFO ] 2024-11-11 15:20:51.425 [main] DebugServer - Stopping debug server.
[INFO ] 2024-11-11 15:20:51.425 [main] DebugServer - Shutting down connections.
[INFO ] 2024-11-11 15:20:51.641 [Debugger-worker-4-2] DebugServer - Session shutdown successfully: sessionId=f45b1237-16eb-401e-9863-6a13a986c2b9
[INFO ] 2024-11-11 15:20:51.641 [Debugger-worker-4-2] DebugServer - Channel to Debug Client (IDE) is unregistered: sessionId=f45b1237-16eb-401e-9863-6a13a986c2b9
[INFO ] 2024-11-11 15:20:51.744 [main] DebugServer - Connections shutdown ok.
[INFO ] 2024-11-11 15:20:51.744 [main] DebugServer - Debug server was stopped.
[INFO ] 2024-11-11 15:20:51.744 [main] c.e.g.e.c.i.p.ConsoleExecutionStep - [ExecuteScript]: done!
[INFO ] 2024-11-11 15:20:57.243 [main] DebugServer - Starting debug server.
[INFO ] 2024-11-11 15:20:57.243 [main] DebugServer - Starting debug server on port 57216 with 4 threads.
[INFO ] 2024-11-11 15:20:57.561 [main] DebugServer - Debug server was started and listening on port 57216.
[INFO ] 2024-11-11 15:20:57.561 [main] DebugServer - Debug server started.
[INFO ] 2024-11-11 15:20:59.076 [main] c.e.g.a.s.r.CryptoManager - Current security provider list: SUN, SunRsaSign, SunEC, SunJSSE, SunJCE, SunJGSS, SunSASL, XMLDSig, SunPCSC, JdkLDAP, JdkSASL, SunMSCAPI, SunPKCS11
[INFO ] 2024-11-11 15:20:59.085 [main] c.e.g.a.s.r.CryptoManager - New security provider list: SUN, SunRsaSign, SunEC, SunJSSE, SunJCE, SunJGSS, SunSASL, XMLDSig, SunPCSC, JdkLDAP, JdkSASL, SunMSCAPI, SunPKCS11
[INFO ] 2024-11-11 15:20:59.294 [main] c.e.g.a.s.r.SystemCertificatesReader - Loaded certificates with aliases: [GlobalSign Code Signing Root R45, Go Daddy Root Certificate Authority  G, Sectigo (formerly Comodo CA), Trustwave Global Certification Authority, DigiCert (2), DigiCert Baltimore Root, ISRG Root X1, Sectigo (AddTrust), Microsoft Authenticode(tm) Root, GlobalSign Root CA - R6, GlobalSign Root CA - R3, GlobalSign Root CA - R1, VeriSign Class 3 Public Primary CA, VeriSign Time Stamping CA, GlobalSign ECC Root CA - R5, QuoVadis Root Certification Authority, Entrust (2048), Microsoft RSA Root Certificate Authority 2017, Entrust.net, Symantec Enterprise Mobile Root for Microsoft, Microsoft Root Certificate Authority, Microsoft ECC Product Root Certificate Authority 2018, Microsoft Time Stamp Root Certificate Authority 2014, Hellenic Academic and Research Institutions RootCA 2015, Go Daddy Class 2 Certification Authority, DigiCert Trusted Root G4, Sectigo Public Code Signing Root R46, thawte, DigiCert CS RSA4096 Root G5, Sectigo (AAA), DST Root CA X3, Sectigo (UTN Object), VeriSign, Microsoft ECC TS Root Certificate Authority 2018, Starfield Class 2 Certification Authority, HARICA TLS RSA Root CA 2021, Thawte Timestamping CA, Actalis Authentication Root CA, SSL.com Root Certification Authority RSA, DigiCert, Microsoft Root Certificate Authority 2011, Sectigo, Hotspot 2.0 Trust Root CA - 03, Microsoft Timestamp Root, DigiCert Global Root G2, Microsoft Root Authority, DigiCert (1), DigiCert Global Root G3, SSL.com EV Root Certification Authority RSA R2, VeriSign Universal Root Certification Authority, Microsoft Root Certificate Authority 2010, Starfield Root Certificate Authority  G]
[INFO ] 2024-11-11 15:20:59.477 [Debugger-worker-4-2] DebugServer - Authentication of debug client succeed. applicationId=dc77aefe-da9e-4411-bf2b-1f6dcf898366
[INFO ] 2024-11-11 15:20:59.477 [Debugger-worker-4-2] DebugServer - Got applicationId=dc77aefe-da9e-4411-bf2b-1f6dcf898366 for debug from PaaS
[INFO ] 2024-11-11 15:20:59.477 [Debugger-worker-4-2] DebugServer - Registering a new session with id=83954656-551f-4b6e-bc64-f4b556df1cdf and appId=dc77aefe-da9e-4411-bf2b-1f6dcf898366
[INFO ] 2024-11-11 15:20:59.477 [Debugger-worker-4-2] DebugServer - Session with id=83954656-551f-4b6e-bc64-f4b556df1cdf for appId=dc77aefe-da9e-4411-bf2b-1f6dcf898366 created.
[INFO ] 2024-11-11 15:20:59.893 [main] DebugServer - Stopping debug server.
[INFO ] 2024-11-11 15:20:59.893 [main] DebugServer - Shutting down connections.
[INFO ] 2024-11-11 15:21:00.094 [Debugger-worker-4-2] DebugServer - Session shutdown successfully: sessionId=83954656-551f-4b6e-bc64-f4b556df1cdf
[INFO ] 2024-11-11 15:21:00.094 [Debugger-worker-4-2] DebugServer - Channel to Debug Client (IDE) is unregistered: sessionId=83954656-551f-4b6e-bc64-f4b556df1cdf
[INFO ] 2024-11-11 15:21:00.209 [main] DebugServer - Connections shutdown ok.
[INFO ] 2024-11-11 15:21:00.209 [main] DebugServer - Debug server was stopped.
[INFO ] 2024-11-11 15:21:00.209 [main] c.e.g.e.c.i.p.ConsoleExecutionStep - [ExecuteScript]: done!
[INFO ] 2024-11-11 15:21:11.043 [main] DebugServer - Starting debug server.
[INFO ] 2024-11-11 15:21:11.043 [main] DebugServer - Starting debug server on port 57249 with 4 threads.
[INFO ] 2024-11-11 15:21:11.381 [main] DebugServer - Debug server was started and listening on port 57249.
[INFO ] 2024-11-11 15:21:11.381 [main] DebugServer - Debug server started.
[INFO ] 2024-11-11 15:21:12.777 [main] c.e.g.a.s.r.CryptoManager - Current security provider list: SUN, SunRsaSign, SunEC, SunJSSE, SunJCE, SunJGSS, SunSASL, XMLDSig, SunPCSC, JdkLDAP, JdkSASL, SunMSCAPI, SunPKCS11
[INFO ] 2024-11-11 15:21:12.777 [main] c.e.g.a.s.r.CryptoManager - New security provider list: SUN, SunRsaSign, SunEC, SunJSSE, SunJCE, SunJGSS, SunSASL, XMLDSig, SunPCSC, JdkLDAP, JdkSASL, SunMSCAPI, SunPKCS11
[INFO ] 2024-11-11 15:21:13.007 [main] c.e.g.a.s.r.SystemCertificatesReader - Loaded certificates with aliases: [GlobalSign Code Signing Root R45, Go Daddy Root Certificate Authority  G, Sectigo (formerly Comodo CA), Trustwave Global Certification Authority, DigiCert (2), DigiCert Baltimore Root, ISRG Root X1, Sectigo (AddTrust), Microsoft Authenticode(tm) Root, GlobalSign Root CA - R6, GlobalSign Root CA - R3, GlobalSign Root CA - R1, VeriSign Class 3 Public Primary CA, VeriSign Time Stamping CA, GlobalSign ECC Root CA - R5, QuoVadis Root Certification Authority, Entrust (2048), Microsoft RSA Root Certificate Authority 2017, Entrust.net, Symantec Enterprise Mobile Root for Microsoft, Microsoft Root Certificate Authority, Microsoft ECC Product Root Certificate Authority 2018, Microsoft Time Stamp Root Certificate Authority 2014, Hellenic Academic and Research Institutions RootCA 2015, Go Daddy Class 2 Certification Authority, DigiCert Trusted Root G4, Sectigo Public Code Signing Root R46, thawte, DigiCert CS RSA4096 Root G5, Sectigo (AAA), DST Root CA X3, Sectigo (UTN Object), VeriSign, Microsoft ECC TS Root Certificate Authority 2018, Starfield Class 2 Certification Authority, HARICA TLS RSA Root CA 2021, Thawte Timestamping CA, Actalis Authentication Root CA, SSL.com Root Certification Authority RSA, DigiCert, Microsoft Root Certificate Authority 2011, Sectigo, Hotspot 2.0 Trust Root CA - 03, Microsoft Timestamp Root, DigiCert Global Root G2, Microsoft Root Authority, DigiCert (1), DigiCert Global Root G3, SSL.com EV Root Certification Authority RSA R2, VeriSign Universal Root Certification Authority, Microsoft Root Certificate Authority 2010, Starfield Root Certificate Authority  G]
[INFO ] 2024-11-11 15:21:13.240 [Debugger-worker-4-2] DebugServer - Authentication of debug client succeed. applicationId=cdb0a640-9dc5-4174-ab2f-461cf2c4db8e
[INFO ] 2024-11-11 15:21:13.240 [Debugger-worker-4-2] DebugServer - Got applicationId=cdb0a640-9dc5-4174-ab2f-461cf2c4db8e for debug from PaaS
[INFO ] 2024-11-11 15:21:13.240 [Debugger-worker-4-2] DebugServer - Registering a new session with id=1a90c3dc-1e36-42c0-bf10-078a91c123b7 and appId=cdb0a640-9dc5-4174-ab2f-461cf2c4db8e
[INFO ] 2024-11-11 15:21:13.240 [Debugger-worker-4-2] DebugServer - Session with id=1a90c3dc-1e36-42c0-bf10-078a91c123b7 for appId=cdb0a640-9dc5-4174-ab2f-461cf2c4db8e created.
[INFO ] 2024-11-11 15:21:13.623 [main] DebugServer - Stopping debug server.
[INFO ] 2024-11-11 15:21:13.623 [main] DebugServer - Shutting down connections.
[INFO ] 2024-11-11 15:21:13.833 [Debugger-worker-4-2] DebugServer - Session shutdown successfully: sessionId=1a90c3dc-1e36-42c0-bf10-078a91c123b7
[INFO ] 2024-11-11 15:21:13.833 [Debugger-worker-4-2] DebugServer - Channel to Debug Client (IDE) is unregistered: sessionId=1a90c3dc-1e36-42c0-bf10-078a91c123b7
[INFO ] 2024-11-11 15:21:13.943 [main] DebugServer - Connections shutdown ok.
[INFO ] 2024-11-11 15:21:13.943 [main] DebugServer - Debug server was stopped.
[INFO ] 2024-11-11 15:21:13.943 [main] c.e.g.e.c.i.p.ConsoleExecutionStep - [ExecuteScript]: done!
[INFO ] 2024-11-11 15:22:29.643 [main] DebugServer - Starting debug server.
[INFO ] 2024-11-11 15:22:29.644 [main] DebugServer - Starting debug server on port 57284 with 4 threads.
[INFO ] 2024-11-11 15:22:29.976 [main] DebugServer - Debug server was started and listening on port 57284.
[INFO ] 2024-11-11 15:22:29.976 [main] DebugServer - Debug server started.
[INFO ] 2024-11-11 15:22:31.334 [main] c.e.g.a.s.r.CryptoManager - Current security provider list: SUN, SunRsaSign, SunEC, SunJSSE, SunJCE, SunJGSS, SunSASL, XMLDSig, SunPCSC, JdkLDAP, JdkSASL, SunMSCAPI, SunPKCS11
[INFO ] 2024-11-11 15:22:31.349 [main] c.e.g.a.s.r.CryptoManager - New security provider list: SUN, SunRsaSign, SunEC, SunJSSE, SunJCE, SunJGSS, SunSASL, XMLDSig, SunPCSC, JdkLDAP, JdkSASL, SunMSCAPI, SunPKCS11
[INFO ] 2024-11-11 15:22:31.534 [main] c.e.g.a.s.r.SystemCertificatesReader - Loaded certificates with aliases: [GlobalSign Code Signing Root R45, Go Daddy Root Certificate Authority  G, Sectigo (formerly Comodo CA), Trustwave Global Certification Authority, DigiCert (2), DigiCert Baltimore Root, ISRG Root X1, Sectigo (AddTrust), Microsoft Authenticode(tm) Root, GlobalSign Root CA - R6, GlobalSign Root CA - R3, GlobalSign Root CA - R1, VeriSign Class 3 Public Primary CA, VeriSign Time Stamping CA, GlobalSign ECC Root CA - R5, QuoVadis Root Certification Authority, Entrust (2048), Microsoft RSA Root Certificate Authority 2017, Entrust.net, Symantec Enterprise Mobile Root for Microsoft, Microsoft Root Certificate Authority, Microsoft ECC Product Root Certificate Authority 2018, Microsoft Time Stamp Root Certificate Authority 2014, Hellenic Academic and Research Institutions RootCA 2015, Go Daddy Class 2 Certification Authority, DigiCert Trusted Root G4, Sectigo Public Code Signing Root R46, thawte, DigiCert CS RSA4096 Root G5, Sectigo (AAA), DST Root CA X3, Sectigo (UTN Object), VeriSign, Microsoft ECC TS Root Certificate Authority 2018, Starfield Class 2 Certification Authority, HARICA TLS RSA Root CA 2021, Thawte Timestamping CA, Actalis Authentication Root CA, SSL.com Root Certification Authority RSA, DigiCert, Microsoft Root Certificate Authority 2011, Sectigo, Hotspot 2.0 Trust Root CA - 03, Microsoft Timestamp Root, DigiCert Global Root G2, Microsoft Root Authority, DigiCert (1), DigiCert Global Root G3, SSL.com EV Root Certification Authority RSA R2, VeriSign Universal Root Certification Authority, Microsoft Root Certificate Authority 2010, Starfield Root Certificate Authority  G]
[INFO ] 2024-11-11 15:22:31.690 [Debugger-worker-4-2] DebugServer - Authentication of debug client succeed. applicationId=7c0f8821-9811-417c-b0ac-d5df9b67f50e
[INFO ] 2024-11-11 15:22:31.690 [Debugger-worker-4-2] DebugServer - Got applicationId=7c0f8821-9811-417c-b0ac-d5df9b67f50e for debug from PaaS
[INFO ] 2024-11-11 15:22:31.690 [Debugger-worker-4-2] DebugServer - Registering a new session with id=68f4da47-0cc7-443e-bc1b-d57633849abc and appId=7c0f8821-9811-417c-b0ac-d5df9b67f50e
[INFO ] 2024-11-11 15:22:31.690 [Debugger-worker-4-2] DebugServer - Session with id=68f4da47-0cc7-443e-bc1b-d57633849abc for appId=7c0f8821-9811-417c-b0ac-d5df9b67f50e created.
[INFO ] 2024-11-11 15:22:32.076 [main] DebugServer - Stopping debug server.
[INFO ] 2024-11-11 15:22:32.076 [main] DebugServer - Shutting down connections.
[INFO ] 2024-11-11 15:22:32.299 [Debugger-worker-4-2] DebugServer - Session shutdown successfully: sessionId=68f4da47-0cc7-443e-bc1b-d57633849abc
[INFO ] 2024-11-11 15:22:32.299 [Debugger-worker-4-2] DebugServer - Channel to Debug Client (IDE) is unregistered: sessionId=68f4da47-0cc7-443e-bc1b-d57633849abc
[INFO ] 2024-11-11 15:22:32.406 [main] DebugServer - Connections shutdown ok.
[INFO ] 2024-11-11 15:22:32.406 [main] DebugServer - Debug server was stopped.
[INFO ] 2024-11-11 15:22:32.406 [main] c.e.g.e.c.i.p.ConsoleExecutionStep - [ExecuteScript]: done!
