[INFO ] 2024-10-25 13:22:43.556 [main] DebugServer - Starting debug server.
[INFO ] 2024-10-25 13:22:43.556 [main] DebugServer - Starting debug server on port 60600 with 4 threads.
[INFO ] 2024-10-25 13:22:43.905 [main] DebugServer - Debug server was started and listening on port 60600.
[INFO ] 2024-10-25 13:22:43.905 [main] DebugServer - Debug server started.
[INFO ] 2024-10-25 13:22:45.155 [main] c.e.g.a.s.r.CryptoManager - Current security provider list: SUN, SunRsaSign, SunEC, SunJSSE, SunJCE, SunJGSS, SunSASL, XMLDSig, SunPCSC, JdkLDAP, JdkSASL, SunMSCAPI, SunPKCS11
[INFO ] 2024-10-25 13:22:45.155 [main] c.e.g.a.s.r.CryptoManager - New security provider list: SUN, SunRsaSign, SunEC, SunJSSE, SunJCE, SunJGSS, SunSASL, XMLDSig, SunPCSC, JdkLDAP, JdkSASL, SunMSCAPI, SunPKCS11
[INFO ] 2024-10-25 13:22:45.406 [main] c.e.g.a.s.r.SystemCertificatesReader - Loaded certificates with aliases: [GlobalSign Code Signing Root R45, Go Daddy Root Certificate Authority  G, Sectigo (formerly Comodo CA), Trustwave Global Certification Authority, DigiCert (2), DigiCert Baltimore Root, ISRG Root X1, Sectigo (AddTrust), Microsoft Authenticode(tm) Root, GlobalSign Root CA - R6, GlobalSign Root CA - R3, GlobalSign Root CA - R1, VeriSign Class 3 Public Primary CA, VeriSign Time Stamping CA, GlobalSign ECC Root CA - R5, QuoVadis Root Certification Authority, Entrust (2048), Microsoft RSA Root Certificate Authority 2017, Entrust.net, Symantec Enterprise Mobile Root for Microsoft, Microsoft Root Certificate Authority, Microsoft ECC Product Root Certificate Authority 2018, Microsoft Time Stamp Root Certificate Authority 2014, Hellenic Academic and Research Institutions RootCA 2015, Go Daddy Class 2 Certification Authority, DigiCert Trusted Root G4, Sectigo Public Code Signing Root R46, thawte, DigiCert CS RSA4096 Root G5, Sectigo (AAA), DST Root CA X3, Sectigo (UTN Object), VeriSign, Microsoft ECC TS Root Certificate Authority 2018, Starfield Class 2 Certification Authority, HARICA TLS RSA Root CA 2021, Thawte Timestamping CA, Actalis Authentication Root CA, SSL.com Root Certification Authority RSA, DigiCert, Microsoft Root Certificate Authority 2011, Sectigo, Hotspot 2.0 Trust Root CA - 03, Microsoft Timestamp Root, DigiCert Global Root G2, Microsoft Root Authority, DigiCert (1), DigiCert Global Root G3, SSL.com EV Root Certification Authority RSA R2, VeriSign Universal Root Certification Authority, Microsoft Root Certificate Authority 2010, Starfield Root Certificate Authority  G]
[INFO ] 2024-10-25 13:22:45.954 [Debugger-worker-4-2] DebugServer - Authentication of debug client succeed. applicationId=7ac593cf-84da-439c-bc30-c765f2f36d28
[INFO ] 2024-10-25 13:22:45.954 [Debugger-worker-4-2] DebugServer - Got applicationId=7ac593cf-84da-439c-bc30-c765f2f36d28 for debug from PaaS
[INFO ] 2024-10-25 13:22:45.954 [Debugger-worker-4-2] DebugServer - Registering a new session with id=6f0ccf11-7b40-4082-825b-07873dfc1184 and appId=7ac593cf-84da-439c-bc30-c765f2f36d28
[INFO ] 2024-10-25 13:22:45.954 [Debugger-worker-4-2] DebugServer - Session with id=6f0ccf11-7b40-4082-825b-07873dfc1184 for appId=7ac593cf-84da-439c-bc30-c765f2f36d28 created.
[INFO ] 2024-10-25 13:22:46.376 [main] DebugServer - Stopping debug server.
[INFO ] 2024-10-25 13:22:46.376 [main] DebugServer - Shutting down connections.
[INFO ] 2024-10-25 13:22:46.586 [Debugger-worker-4-2] DebugServer - Session shutdown successfully: sessionId=6f0ccf11-7b40-4082-825b-07873dfc1184
[INFO ] 2024-10-25 13:22:46.586 [Debugger-worker-4-2] DebugServer - Channel to Debug Client (IDE) is unregistered: sessionId=6f0ccf11-7b40-4082-825b-07873dfc1184
[INFO ] 2024-10-25 13:22:46.688 [main] DebugServer - Connections shutdown ok.
[INFO ] 2024-10-25 13:22:46.688 [main] DebugServer - Debug server was stopped.
[INFO ] 2024-10-25 13:22:46.689 [main] c.e.g.e.c.i.p.ConsoleExecutionStep - [ExecuteScript]: done!
[INFO ] 2024-10-25 13:22:54.306 [main] DebugServer - Starting debug server.
[INFO ] 2024-10-25 13:22:54.306 [main] DebugServer - Starting debug server on port 60673 with 4 threads.
[INFO ] 2024-10-25 13:22:54.572 [main] DebugServer - Debug server was started and listening on port 60673.
[INFO ] 2024-10-25 13:22:54.572 [main] DebugServer - Debug server started.
[INFO ] 2024-10-25 13:22:55.907 [main] c.e.g.a.s.r.CryptoManager - Current security provider list: SUN, SunRsaSign, SunEC, SunJSSE, SunJCE, SunJGSS, SunSASL, XMLDSig, SunPCSC, JdkLDAP, JdkSASL, SunMSCAPI, SunPKCS11
[INFO ] 2024-10-25 13:22:55.916 [main] c.e.g.a.s.r.CryptoManager - New security provider list: SUN, SunRsaSign, SunEC, SunJSSE, SunJCE, SunJGSS, SunSASL, XMLDSig, SunPCSC, JdkLDAP, JdkSASL, SunMSCAPI, SunPKCS11
[INFO ] 2024-10-25 13:22:56.130 [main] c.e.g.a.s.r.SystemCertificatesReader - Loaded certificates with aliases: [GlobalSign Code Signing Root R45, Go Daddy Root Certificate Authority  G, Sectigo (formerly Comodo CA), Trustwave Global Certification Authority, DigiCert (2), DigiCert Baltimore Root, ISRG Root X1, Sectigo (AddTrust), Microsoft Authenticode(tm) Root, GlobalSign Root CA - R6, GlobalSign Root CA - R3, GlobalSign Root CA - R1, VeriSign Class 3 Public Primary CA, VeriSign Time Stamping CA, GlobalSign ECC Root CA - R5, QuoVadis Root Certification Authority, Entrust (2048), Microsoft RSA Root Certificate Authority 2017, Entrust.net, Symantec Enterprise Mobile Root for Microsoft, Microsoft Root Certificate Authority, Microsoft ECC Product Root Certificate Authority 2018, Microsoft Time Stamp Root Certificate Authority 2014, Hellenic Academic and Research Institutions RootCA 2015, Go Daddy Class 2 Certification Authority, DigiCert Trusted Root G4, Sectigo Public Code Signing Root R46, thawte, DigiCert CS RSA4096 Root G5, Sectigo (AAA), DST Root CA X3, Sectigo (UTN Object), VeriSign, Microsoft ECC TS Root Certificate Authority 2018, Starfield Class 2 Certification Authority, HARICA TLS RSA Root CA 2021, Thawte Timestamping CA, Actalis Authentication Root CA, SSL.com Root Certification Authority RSA, DigiCert, Microsoft Root Certificate Authority 2011, Sectigo, Hotspot 2.0 Trust Root CA - 03, Microsoft Timestamp Root, DigiCert Global Root G2, Microsoft Root Authority, DigiCert (1), DigiCert Global Root G3, SSL.com EV Root Certification Authority RSA R2, VeriSign Universal Root Certification Authority, Microsoft Root Certificate Authority 2010, Starfield Root Certificate Authority  G]
[INFO ] 2024-10-25 13:22:56.439 [Debugger-worker-4-2] DebugServer - Authentication of debug client succeed. applicationId=b523a479-58e6-41a1-9da3-80804de4c537
[INFO ] 2024-10-25 13:22:56.439 [Debugger-worker-4-2] DebugServer - Got applicationId=b523a479-58e6-41a1-9da3-80804de4c537 for debug from PaaS
[INFO ] 2024-10-25 13:22:56.439 [Debugger-worker-4-2] DebugServer - Registering a new session with id=6eb01dda-033b-45f1-8577-2194ce4ca1aa and appId=b523a479-58e6-41a1-9da3-80804de4c537
[INFO ] 2024-10-25 13:22:56.439 [Debugger-worker-4-2] DebugServer - Session with id=6eb01dda-033b-45f1-8577-2194ce4ca1aa for appId=b523a479-58e6-41a1-9da3-80804de4c537 created.
[INFO ] 2024-10-25 13:22:56.793 [main] DebugServer - Stopping debug server.
[INFO ] 2024-10-25 13:22:56.793 [main] DebugServer - Shutting down connections.
[INFO ] 2024-10-25 13:22:57.007 [Debugger-worker-4-2] DebugServer - Session shutdown successfully: sessionId=6eb01dda-033b-45f1-8577-2194ce4ca1aa
[INFO ] 2024-10-25 13:22:57.007 [Debugger-worker-4-2] DebugServer - Channel to Debug Client (IDE) is unregistered: sessionId=6eb01dda-033b-45f1-8577-2194ce4ca1aa
[INFO ] 2024-10-25 13:22:57.123 [main] DebugServer - Connections shutdown ok.
[INFO ] 2024-10-25 13:22:57.123 [main] DebugServer - Debug server was stopped.
[INFO ] 2024-10-25 13:22:57.123 [main] c.e.g.e.c.i.p.ConsoleExecutionStep - [ExecuteScript]: done!
